<?xml version="1.0" encoding="UTF-8"?>
<testsuite name="com.mrrolbot.social.SocialApplicationTests" tests="1" skipped="0" failures="0" errors="0" timestamp="2025-07-13T00:05:31.892Z" hostname="Mac.home.local" time="0.257">
  <properties/>
  <testcase name="contextLoads()" classname="com.mrrolbot.social.SocialApplicationTests" time="0.257"/>
  <system-out><![CDATA[19:05:30.612 [Test worker] INFO org.springframework.test.context.support.AnnotationConfigContextLoaderUtils -- Could not detect default configuration classes for test class [com.mrrolbot.social.SocialApplicationTests]: SocialApplicationTests does not declare any static, non-private, non-final, nested classes annotated with @Configuration.
19:05:30.651 [Test worker] INFO org.springframework.boot.test.context.SpringBootTestContextBootstrapper -- Found @SpringBootConfiguration com.mrrolbot.social.SocialApplication for test class com.mrrolbot.social.SocialApplicationTests

  .   ____          _            __ _ _
 /\\ / ___'_ __ _ _(_)_ __  __ _ \ \ \ \
( ( )\___ | '_ | '_| | '_ \/ _` | \ \ \ \
 \\/  ___)| |_)| | | | | || (_| |  ) ) ) )
  '  |____| .__|_| |_|_| |_\__, | / / / /
 =========|_|==============|___/=/_/_/_/

 :: Spring Boot ::                (v3.5.1)

2025-07-12T19:05:30.821-05:00  INFO 62808 --- [social] [    Test worker] c.m.social.SocialApplicationTests        : Starting SocialApplicationTests using Java 17.0.15 with PID 62808 (started by edwin in /Users/edwin/IdeaProjects/social)
2025-07-12T19:05:30.822-05:00  INFO 62808 --- [social] [    Test worker] c.m.social.SocialApplicationTests        : No active profile set, falling back to 1 default profile: "default"
2025-07-12T19:05:31.040-05:00  INFO 62808 --- [social] [    Test worker] .s.d.r.c.RepositoryConfigurationDelegate : Bootstrapping Spring Data JPA repositories in DEFAULT mode.
2025-07-12T19:05:31.047-05:00  INFO 62808 --- [social] [    Test worker] .s.d.r.c.RepositoryConfigurationDelegate : Finished Spring Data repository scanning in 4 ms. Found 0 JPA repository interfaces.
2025-07-12T19:05:31.223-05:00  INFO 62808 --- [social] [    Test worker] com.zaxxer.hikari.HikariDataSource       : HikariPool-1 - Starting...
2025-07-12T19:05:31.312-05:00  INFO 62808 --- [social] [    Test worker] com.zaxxer.hikari.pool.HikariPool        : HikariPool-1 - Added connection org.postgresql.jdbc.PgConnection@477523ba
2025-07-12T19:05:31.312-05:00  INFO 62808 --- [social] [    Test worker] com.zaxxer.hikari.HikariDataSource       : HikariPool-1 - Start completed.
2025-07-12T19:05:31.325-05:00  INFO 62808 --- [social] [    Test worker] org.flywaydb.core.FlywayExecutor         : Database: jdbc:postgresql://localhost:5433/socialdb (PostgreSQL 17.5)
2025-07-12T19:05:31.352-05:00  INFO 62808 --- [social] [    Test worker] o.f.core.internal.command.DbValidate     : Successfully validated 0 migrations (execution time 00:00.010s)
2025-07-12T19:05:31.353-05:00  WARN 62808 --- [social] [    Test worker] o.f.core.internal.command.DbValidate     : No migrations found. Are your locations set up correctly?
2025-07-12T19:05:31.390-05:00  INFO 62808 --- [social] [    Test worker] o.f.core.internal.command.DbMigrate      : Current version of schema "public": << Empty Schema >>
2025-07-12T19:05:31.392-05:00  INFO 62808 --- [social] [    Test worker] o.f.core.internal.command.DbMigrate      : Schema "public" is up to date. No migration necessary.
2025-07-12T19:05:31.427-05:00  INFO 62808 --- [social] [    Test worker] o.hibernate.jpa.internal.util.LogHelper  : HHH000204: Processing PersistenceUnitInfo [name: default]
2025-07-12T19:05:31.444-05:00  INFO 62808 --- [social] [    Test worker] org.hibernate.Version                    : HHH000412: Hibernate ORM core version 6.6.18.Final
2025-07-12T19:05:31.454-05:00  INFO 62808 --- [social] [    Test worker] o.h.c.internal.RegionFactoryInitiator    : HHH000026: Second-level cache disabled
2025-07-12T19:05:31.549-05:00  INFO 62808 --- [social] [    Test worker] o.s.o.j.p.SpringPersistenceUnitInfo      : No LoadTimeWeaver setup: ignoring JPA class transformer
2025-07-12T19:05:31.585-05:00  INFO 62808 --- [social] [    Test worker] org.hibernate.orm.connections.pooling    : HHH10001005: Database info:
	Database JDBC URL [Connecting through datasource 'HikariDataSource (HikariPool-1)']
	Database driver: undefined/unknown
	Database version: 17.5
	Autocommit mode: undefined/unknown
	Isolation level: undefined/unknown
	Minimum pool size: undefined/unknown
	Maximum pool size: undefined/unknown
2025-07-12T19:05:31.701-05:00  INFO 62808 --- [social] [    Test worker] o.h.e.t.j.p.i.JtaPlatformInitiator       : HHH000489: No JTA platform available (set 'hibernate.transaction.jta.platform' to enable JTA platform integration)
2025-07-12T19:05:31.702-05:00  INFO 62808 --- [social] [    Test worker] j.LocalContainerEntityManagerFactoryBean : Initialized JPA EntityManagerFactory for persistence unit 'default'
2025-07-12T19:05:31.746-05:00  WARN 62808 --- [social] [    Test worker] JpaBaseConfiguration$JpaWebConfiguration : spring.jpa.open-in-view is enabled by default. Therefore, database queries may be performed during view rendering. Explicitly configure spring.jpa.open-in-view to disable this warning
2025-07-12T19:05:31.756-05:00  INFO 62808 --- [social] [    Test worker] o.s.b.a.w.s.WelcomePageHandlerMapping    : Adding welcome page: class path resource [static/index.html]
2025-07-12T19:05:31.887-05:00  INFO 62808 --- [social] [    Test worker] c.m.social.SocialApplicationTests        : Started SocialApplicationTests in 1.184 seconds (process running for 1.584)
]]></system-out>
  <system-err><![CDATA[]]></system-err>
</testsuite>
